<?xml version="1.0" encoding="UTF-8"?>
<testng-results total="1" passed="1" failed="0" skipped="0">
  <reporter-output>
  </reporter-output>
  <suite started-at="2022-08-23T15:51:52Z" name="Default suite" finished-at="2022-08-23T15:52:28Z" duration-ms="35504">
    <groups>
    </groups>
    <test started-at="2022-08-23T15:51:52Z" name="Default test" finished-at="2022-08-23T15:52:28Z" duration-ms="35504">
      <class name="com.epam.scenarios.Craftsvilla">
        <test-method signature="LoginAndCheckWatchlist()[pri:0, instance:com.epam.scenarios.Craftsvilla@68dc098b]" started-at="2022-08-23T21:21:52Z" name="LoginAndCheckWatchlist" finished-at="2022-08-23T21:22:28Z" duration-ms="35491" status="PASS">
          <reporter-output>
          </reporter-output>
        </test-method> <!-- LoginAndCheckWatchlist -->
      </class> <!-- com.epam.scenarios.Craftsvilla -->
    </test> <!-- Default test -->
  </suite> <!-- Default suite -->
</testng-results>
