<?xml version="1.0" encoding="UTF-8"?>
<!-- Generated by org.testng.reporters.JUnitXMLReporter -->
<testsuite hostname="hyd-vnarava1" name="sampletest" tests="1" failures="1" timestamp="1 Nov 2016 06:43:45 GMT" time="0.396" errors="0">
  <testcase name="OrderProduct" time="0.38" classname="com.epam.scenarios.Store_Demo">
    <failure type="java.lang.NoClassDefFoundError" message="com/google/common/base/Optional">
      <![CDATA[java.lang.NoClassDefFoundError: com/google/common/base/Optional
	at org.openqa.selenium.firefox.internal.NewProfileExtensionConnection.loadCustomExtension(NewProfileExtensionConnection.java:151)
	at org.openqa.selenium.firefox.internal.NewProfileExtensionConnection.addWebDriverExtensionIfNeeded(NewProfileExtensionConnection.java:142)
	at org.openqa.selenium.firefox.internal.NewProfileExtensionConnection.start(NewProfileExtensionConnection.java:76)
	at org.openqa.selenium.firefox.FirefoxDriver.startClient(FirefoxDriver.java:271)
	at org.openqa.selenium.remote.RemoteWebDriver.<init>(RemoteWebDriver.java:119)
	at org.openqa.selenium.firefox.FirefoxDriver.<init>(FirefoxDriver.java:216)
	at org.openqa.selenium.firefox.FirefoxDriver.<init>(FirefoxDriver.java:211)
	at org.openqa.selenium.firefox.FirefoxDriver.<init>(FirefoxDriver.java:207)
	at org.openqa.selenium.firefox.FirefoxDriver.<init>(FirefoxDriver.java:120)
	at com.epam.utils.driver.Browser.IntilizeBrowser(Browser.java:78)
	at com.epam.utils.driver.Browser.setup(Browser.java:142)
	at com.epam.scenarios.Store_Demo.OrderProduct(Store_Demo.java:15)
	at java.util.concurrent.FutureTask.run(Unknown Source)
	at java.util.concurrent.ThreadPoolExecutor.runWorker(Unknown Source)
	at java.util.concurrent.ThreadPoolExecutor$Worker.run(Unknown Source)
	at java.lang.Thread.run(Unknown Source)
Caused by: java.lang.ClassNotFoundException: com.google.common.base.Optional
	at java.net.URLClassLoader.findClass(Unknown Source)
	at java.lang.ClassLoader.loadClass(Unknown Source)
	at sun.misc.Launcher$AppClassLoader.loadClass(Unknown Source)
	at java.lang.ClassLoader.loadClass(Unknown Source)
	... 32 more
... Removed 16 stack frames]]>
    </failure>
  </testcase> <!-- OrderProduct -->
</testsuite> <!-- sampletest -->
